<?xml version="1.0" encoding="UTF-8"?>
<testng-results skipped="0" failed="0" ignored="0" total="1" passed="1">
  <reporter-output>
  </reporter-output>
  <suite name="Default suite" duration-ms="2749" started-at="2023-08-23T15:51:19 IST" finished-at="2023-08-23T15:51:22 IST">
    <groups>
    </groups>
    <test name="Default test" duration-ms="2749" started-at="2023-08-23T15:51:19 IST" finished-at="2023-08-23T15:51:22 IST">
      <class name="restAssuredTest.QuerryParameter">
        <test-method status="PASS" signature="getUsers()[pri:0, instance:restAssuredTest.QuerryParameter@1a8a8f7c]" name="getUsers" duration-ms="2702" started-at="2023-08-23T15:51:19 IST" finished-at="2023-08-23T15:51:22 IST">
          <reporter-output>
          </reporter-output>
        </test-method> <!-- getUsers -->
      </class> <!-- restAssuredTest.QuerryParameter -->
    </test> <!-- Default test -->
  </suite> <!-- Default suite -->
</testng-results>
