<?xml version="1.0" encoding="UTF-8"?>
<testng-results skipped="0" failed="0" ignored="0" total="1" passed="1">
  <reporter-output>
  </reporter-output>
  <suite name="Default suite" duration-ms="6118" started-at="2023-08-23T11:14:41 IST" finished-at="2023-08-23T11:14:47 IST">
    <groups>
    </groups>
    <test name="Default test" duration-ms="6118" started-at="2023-08-23T11:14:41 IST" finished-at="2023-08-23T11:14:47 IST">
      <class name="restAssuredDay2.waysTocreatePostRequestBody">
        <test-method status="PASS" signature="createStudentExternalFIle()[pri:1, instance:restAssuredDay2.waysTocreatePostRequestBody@1a8a8f7c]" name="createStudentExternalFIle" duration-ms="6073" started-at="2023-08-23T11:14:41 IST" finished-at="2023-08-23T11:14:47 IST">
          <reporter-output>
          </reporter-output>
        </test-method> <!-- createStudentExternalFIle -->
      </class> <!-- restAssuredDay2.waysTocreatePostRequestBody -->
    </test> <!-- Default test -->
  </suite> <!-- Default suite -->
</testng-results>
